2016-07-02 00:06:59: exception 'Exception' with message 'Problem preparing query (Select producto_id from productos where nombre =Bandeja de siembra 25 plugs) You have an error in your SQL syntax; check the manual that corresponds to your MySQL server version for the right syntax to use near 'de siembra 25 plugs' at line 1' in C:\xampp\htdocs\gestion-bayres\app\includes\MysqliDb.php:1482
Stack trace:
#0 C:\xampp\htdocs\gestion-bayres\app\includes\MysqliDb.php(382): MysqliDb->_prepareQuery()
#1 C:\xampp\htdocs\gestion-bayres\app\bower_components\ac-angular-productos\includes\ac-productos.php(290): MysqliDb->rawQuery('Select producto...')
#2 [internal function]: Productos::createProducto(Array)
#3 C:\xampp\htdocs\gestion-bayres\app\bower_components\ac-angular-productos\includes\ac-productos.php(23): call_user_func('Productos::crea...', Array)
#4 C:\xampp\htdocs\gestion-bayres\app\bower_components\ac-angular-productos\includes\ac-productos.php(732): Productos::init(Array)
#5 {main}
2016-07-02 00:07:59: exception 'Exception' with message 'Problem preparing query (Select producto_id from productos where nombre =Bandeja de siembra 25 plugs) You have an error in your SQL syntax; check the manual that corresponds to your MySQL server version for the right syntax to use near 'de siembra 25 plugs' at line 1' in C:\xampp\htdocs\gestion-bayres\app\includes\MysqliDb.php:1482
Stack trace:
#0 C:\xampp\htdocs\gestion-bayres\app\includes\MysqliDb.php(382): MysqliDb->_prepareQuery()
#1 C:\xampp\htdocs\gestion-bayres\app\bower_components\ac-angular-productos\includes\ac-productos.php(290): MysqliDb->rawQuery('Select producto...')
#2 [internal function]: Productos::createProducto(Array)
#3 C:\xampp\htdocs\gestion-bayres\app\bower_components\ac-angular-productos\includes\ac-productos.php(23): call_user_func('Productos::crea...', Array)
#4 C:\xampp\htdocs\gestion-bayres\app\bower_components\ac-angular-productos\includes\ac-productos.php(732): Productos::init(Array)
#5 {main}
2016-07-02 00:08:44: exception 'Exception' with message 'Problem preparing query (Select producto_id from productos where nombre =Bandeja de siembra 25 plugs) You have an error in your SQL syntax; check the manual that corresponds to your MySQL server version for the right syntax to use near 'de siembra 25 plugs' at line 1' in C:\xampp\htdocs\gestion-bayres\app\includes\MysqliDb.php:1482
Stack trace:
#0 C:\xampp\htdocs\gestion-bayres\app\includes\MysqliDb.php(382): MysqliDb->_prepareQuery()
#1 C:\xampp\htdocs\gestion-bayres\app\bower_components\ac-angular-productos\includes\ac-productos.php(290): MysqliDb->rawQuery('Select producto...')
#2 [internal function]: Productos::createProducto(Array)
#3 C:\xampp\htdocs\gestion-bayres\app\bower_components\ac-angular-productos\includes\ac-productos.php(23): call_user_func('Productos::crea...', Array)
#4 C:\xampp\htdocs\gestion-bayres\app\bower_components\ac-angular-productos\includes\ac-productos.php(732): Productos::init(Array)
#5 {main}
2016-07-02 00:10:01: exception 'Exception' with message 'Problem preparing query (Select producto_id from productos where nombre =Bandeja de siembra 25 plugs) You have an error in your SQL syntax; check the manual that corresponds to your MySQL server version for the right syntax to use near 'de siembra 25 plugs' at line 1' in C:\xampp\htdocs\gestion-bayres\app\includes\MysqliDb.php:1482
Stack trace:
#0 C:\xampp\htdocs\gestion-bayres\app\includes\MysqliDb.php(382): MysqliDb->_prepareQuery()
#1 C:\xampp\htdocs\gestion-bayres\app\bower_components\ac-angular-productos\includes\ac-productos.php(290): MysqliDb->rawQuery('Select producto...')
#2 [internal function]: Productos::createProducto(Array)
#3 C:\xampp\htdocs\gestion-bayres\app\bower_components\ac-angular-productos\includes\ac-productos.php(23): call_user_func('Productos::crea...', Array)
#4 C:\xampp\htdocs\gestion-bayres\app\bower_components\ac-angular-productos\includes\ac-productos.php(732): Productos::init(Array)
#5 {main}
2016-10-08 02:35:18: exception 'Exception' with message 'Problem preparing query (SELECT
    p.producto_id,
    p.nombre nombreProducto,
    p.descripcion,
    p.pto_repo,
    p.sku,
    p.status,
    p.vendidos,
    p.destacado,
    p.producto_tipo,
    p.en_slider,
    p.en_oferta,
    p.iva,
    c.categoria_id,
    c.nombre nombreCategoria,
    c.parent_id,
    ps.producto_kit_id,
    ps.producto_id productoKit,
    ps.producto_cantidad,
    (select nombre from productos where producto_id = ps.producto_id) nombreKit,
    pr.precio_id,
    pr.precio_tipo_id,
    pr.precio,
    f.producto_foto_id,
    f.main,
    f.nombre nombreFoto,
    u.usuario_id,
    u.nombre nombreUsuario,
    u.apellido
FROM
    productos p
        LEFT JOIN
    productos_categorias pc ON p.producto_id = pc.producto_id
        LEFT JOIN
    categorias c ON c.categoria_id = pc.categoria_id
        LEFT JOIN
    precios pr ON p.producto_id = pr.producto_id
        LEFT JOIN
    productos_fotos f ON p.producto_id = f.producto_id
        LEFT JOIN
    productos_kits ps ON p.producto_id = ps.parent_id
        LEFT JOIN
    productos_proveedores pro ON pro.producto_id = p.producto_id
        LEFT JOIN
    usuarios u ON u.usuario_id = pro.proveedor_id
GROUP BY p.producto_id , p.nombre , p.descripcion , p.pto_repo , p.sku , p.status ,
p.vendidos , p.destacado , p.producto_tipo , p.en_slider , p.en_oferta , c.categoria_id ,
c.nombre , c.parent_id , ps.producto_kit_id , ps.producto_id , ps.producto_cantidad , pr.precio_id , pr.precio_tipo_id ,
pr.precio, f.producto_foto_id, f.main, f.nombre, u.usuario_id, u.nombre, u.apellido
;) Table 'arielces_mvtest.productos_kits' doesn't exist' in C:\xampp\htdocs\cnx\MysqliDb.php:1482
Stack trace:
#0 C:\xampp\htdocs\cnx\MysqliDb.php(382): MysqliDb->_prepareQuery()
#1 C:\xampp\htdocs\mesero-test-componentes\app\bower_components\mv-angular-productos\includes\ac-productos.php(93): MysqliDb->rawQuery('SELECT\r\n    p.p...')
#2 [internal function]: Productos::getProductos(Array)
#3 C:\xampp\htdocs\mesero-test-componentes\app\bower_components\mv-angular-productos\includes\ac-productos.php(23): call_user_func('Productos::getP...', Array)
#4 C:\xampp\htdocs\mesero-test-componentes\app\bower_components\mv-angular-productos\includes\ac-productos.php(733): Productos::init(Array)
#5 {main}
2016-10-28 15:38:31: exception 'Exception' with message 'Problem preparing query (UPDATE categorias SET `nombre` = ?, `parent_id` = ? WHERE  categorial_id = ? ) Unknown column 'categorial_id' in 'where clause'' in C:\xampp\htdocs\cnx\MysqliDb.php:1482
Stack trace:
#0 C:\xampp\htdocs\cnx\MysqliDb.php(1095): MysqliDb->_prepareQuery()
#1 C:\xampp\htdocs\cnx\MysqliDb.php(675): MysqliDb->_buildQuery(NULL, Array)
#2 C:\xampp\htdocs\mesero-test-componentes\app\bower_components\mv-angular-productos\includes\ac-productos.php(638): MysqliDb->update('categorias', Array)
#3 [internal function]: Productos::updateCategoria(Array)
#4 C:\xampp\htdocs\mesero-test-componentes\app\bower_components\mv-angular-productos\includes\ac-productos.php(23): call_user_func('Productos::upda...', Array)
#5 C:\xampp\htdocs\mesero-test-componentes\app\bower_components\mv-angular-productos\includes\ac-productos.php(842): Productos::init(Array)
#6 {main}
2016-10-28 15:38:41: exception 'Exception' with message 'Problem preparing query (UPDATE categorias SET `nombre` = ?, `parent_id` = ? WHERE  categorial_id = ? ) Unknown column 'categorial_id' in 'where clause'' in C:\xampp\htdocs\cnx\MysqliDb.php:1482
Stack trace:
#0 C:\xampp\htdocs\cnx\MysqliDb.php(1095): MysqliDb->_prepareQuery()
#1 C:\xampp\htdocs\cnx\MysqliDb.php(675): MysqliDb->_buildQuery(NULL, Array)
#2 C:\xampp\htdocs\mesero-test-componentes\app\bower_components\mv-angular-productos\includes\ac-productos.php(638): MysqliDb->update('categorias', Array)
#3 [internal function]: Productos::updateCategoria(Array)
#4 C:\xampp\htdocs\mesero-test-componentes\app\bower_components\mv-angular-productos\includes\ac-productos.php(23): call_user_func('Productos::upda...', Array)
#5 C:\xampp\htdocs\mesero-test-componentes\app\bower_components\mv-angular-productos\includes\ac-productos.php(842): Productos::init(Array)
#6 {main}
2016-10-28 15:38:49: exception 'Exception' with message 'Problem preparing query (UPDATE categorias SET `nombre` = ?, `parent_id` = ? WHERE  categorial_id = ? ) Unknown column 'categorial_id' in 'where clause'' in C:\xampp\htdocs\cnx\MysqliDb.php:1482
Stack trace:
#0 C:\xampp\htdocs\cnx\MysqliDb.php(1095): MysqliDb->_prepareQuery()
#1 C:\xampp\htdocs\cnx\MysqliDb.php(675): MysqliDb->_buildQuery(NULL, Array)
#2 C:\xampp\htdocs\mesero-test-componentes\app\bower_components\mv-angular-productos\includes\ac-productos.php(638): MysqliDb->update('categorias', Array)
#3 [internal function]: Productos::updateCategoria(Array)
#4 C:\xampp\htdocs\mesero-test-componentes\app\bower_components\mv-angular-productos\includes\ac-productos.php(23): call_user_func('Productos::upda...', Array)
#5 C:\xampp\htdocs\mesero-test-componentes\app\bower_components\mv-angular-productos\includes\ac-productos.php(842): Productos::init(Array)
#6 {main}
2016-10-28 15:39:01: exception 'Exception' with message 'Problem preparing query (UPDATE categorias SET `nombre` = ?, `parent_id` = ? WHERE  categorial_id = ? ) Unknown column 'categorial_id' in 'where clause'' in C:\xampp\htdocs\cnx\MysqliDb.php:1482
Stack trace:
#0 C:\xampp\htdocs\cnx\MysqliDb.php(1095): MysqliDb->_prepareQuery()
#1 C:\xampp\htdocs\cnx\MysqliDb.php(675): MysqliDb->_buildQuery(NULL, Array)
#2 C:\xampp\htdocs\mesero-test-componentes\app\bower_components\mv-angular-productos\includes\ac-productos.php(638): MysqliDb->update('categorias', Array)
#3 [internal function]: Productos::updateCategoria(Array)
#4 C:\xampp\htdocs\mesero-test-componentes\app\bower_components\mv-angular-productos\includes\ac-productos.php(23): call_user_func('Productos::upda...', Array)
#5 C:\xampp\htdocs\mesero-test-componentes\app\bower_components\mv-angular-productos\includes\ac-productos.php(842): Productos::init(Array)
#6 {main}
2016-10-28 15:39:12: exception 'Exception' with message 'Problem preparing query (UPDATE categorias SET `nombre` = ?, `parent_id` = ? WHERE  categorial_id = ? ) Unknown column 'categorial_id' in 'where clause'' in C:\xampp\htdocs\cnx\MysqliDb.php:1482
Stack trace:
#0 C:\xampp\htdocs\cnx\MysqliDb.php(1095): MysqliDb->_prepareQuery()
#1 C:\xampp\htdocs\cnx\MysqliDb.php(675): MysqliDb->_buildQuery(NULL, Array)
#2 C:\xampp\htdocs\mesero-test-componentes\app\bower_components\mv-angular-productos\includes\ac-productos.php(638): MysqliDb->update('categorias', Array)
#3 [internal function]: Productos::updateCategoria(Array)
#4 C:\xampp\htdocs\mesero-test-componentes\app\bower_components\mv-angular-productos\includes\ac-productos.php(23): call_user_func('Productos::upda...', Array)
#5 C:\xampp\htdocs\mesero-test-componentes\app\bower_components\mv-angular-productos\includes\ac-productos.php(842): Productos::init(Array)
#6 {main}
2016-10-28 15:39:20: exception 'Exception' with message 'Problem preparing query (UPDATE categorias SET `nombre` = ?, `parent_id` = ? WHERE  categorial_id = ? ) Unknown column 'categorial_id' in 'where clause'' in C:\xampp\htdocs\cnx\MysqliDb.php:1482
Stack trace:
#0 C:\xampp\htdocs\cnx\MysqliDb.php(1095): MysqliDb->_prepareQuery()
#1 C:\xampp\htdocs\cnx\MysqliDb.php(675): MysqliDb->_buildQuery(NULL, Array)
#2 C:\xampp\htdocs\mesero-test-componentes\app\bower_components\mv-angular-productos\includes\ac-productos.php(638): MysqliDb->update('categorias', Array)
#3 [internal function]: Productos::updateCategoria(Array)
#4 C:\xampp\htdocs\mesero-test-componentes\app\bower_components\mv-angular-productos\includes\ac-productos.php(23): call_user_func('Productos::upda...', Array)
#5 C:\xampp\htdocs\mesero-test-componentes\app\bower_components\mv-angular-productos\includes\ac-productos.php(842): Productos::init(Array)
#6 {main}
2016-10-28 15:39:28: exception 'Exception' with message 'Problem preparing query (UPDATE categorias SET `nombre` = ?, `parent_id` = ? WHERE  categorial_id = ? ) Unknown column 'categorial_id' in 'where clause'' in C:\xampp\htdocs\cnx\MysqliDb.php:1482
Stack trace:
#0 C:\xampp\htdocs\cnx\MysqliDb.php(1095): MysqliDb->_prepareQuery()
#1 C:\xampp\htdocs\cnx\MysqliDb.php(675): MysqliDb->_buildQuery(NULL, Array)
#2 C:\xampp\htdocs\mesero-test-componentes\app\bower_components\mv-angular-productos\includes\ac-productos.php(638): MysqliDb->update('categorias', Array)
#3 [internal function]: Productos::updateCategoria(Array)
#4 C:\xampp\htdocs\mesero-test-componentes\app\bower_components\mv-angular-productos\includes\ac-productos.php(23): call_user_func('Productos::upda...', Array)
#5 C:\xampp\htdocs\mesero-test-componentes\app\bower_components\mv-angular-productos\includes\ac-productos.php(842): Productos::init(Array)
#6 {main}
